<?xml version="1.0" encoding="UTF-8"?>
<!-- Generated by org.testng.reporters.JUnitXMLReporter -->
<testsuite hostname="DESKTOP-06QDCBA" ignored="0" name="HubSpot Feature Testing" tests="3" failures="0" timestamp="2023-11-27T17:50:08 IST" time="74.382" errors="0">
  <testcase name="VerifySignupLink" time="3.398" classname="com.qa.hubspot.tests.LoginTest"/>
  <testcase name="GetTitleTest" time="0.031" classname="com.qa.hubspot.tests.LoginTest"/>
  <testcase name="DOLogin" time="1.134" classname="com.qa.hubspot.tests.LoginTest"/>
</testsuite> <!-- HubSpot Feature Testing -->
